#
# There is insufficient memory for the Java Runtime Environment to continue.
# Native memory allocation (mmap) failed to map 117440512 bytes for G1 virtual space
# Possible reasons:
#   The system is out of physical RAM or swap space
#   The process is running with CompressedOops enabled, and the Java Heap may be blocking the growth of the native heap
# Possible solutions:
#   Reduce memory load on the system
#   Increase physical memory or swap space
#   Check if swap backing store is full
#   Decrease Java heap size (-Xmx/-Xms)
#   Decrease number of Java threads
#   Decrease Java thread stack sizes (-Xss)
#   Set larger code cache with -XX:ReservedCodeCacheSize=
#   JVM is running with Unscaled Compressed Oops mode in which the Java heap is
#     placed in the first 4GB address space. The Java Heap base address is the
#     maximum limit for the native heap growth. Please use -XX:HeapBaseMinAddress
#     to set the Java Heap base and to place the Java Heap above 4GB virtual address.
# This output file may be truncated or incomplete.
#
#  Out of Memory Error (os_windows.cpp:3771), pid=13128, tid=20304
#
# JRE version:  (17.0.7) (build )
# Java VM: OpenJDK 64-Bit Server VM (17.0.7+0-b2043.56-10550314, mixed mode, sharing, tiered, compressed oops, compressed class ptrs, g1 gc, windows-amd64)
# No core dump will be written. Minidumps are not enabled by default on client versions of Windows
#

---------------  S U M M A R Y ------------

Command Line: 

Host: AMD Ryzen 5 3500U with Radeon Vega Mobile Gfx  , 8 cores, 6G,  Windows 10 , 64 bit Build 19041 (10.0.19041.3636)
Time: Wed Aug  7 02:53:03 2024 Arab Standard Time elapsed time: 0.014792 seconds (0d 0h 0m 0s)

---------------  T H R E A D  ---------------

Current thread (0x000001db160f41e0):  JavaThread "Unknown thread" [_thread_in_vm, id=20304, stack(0x00000081c3500000,0x00000081c3600000)]

Stack: [0x00000081c3500000,0x00000081c3600000]
Native frames: (J=compiled Java code, j=interpreted, Vv=VM code, C=native code)
V  [jvm.dll+0x683bfa]
V  [jvm.dll+0x8430a4]
V  [jvm.dll+0x8449be]
V  [jvm.dll+0x845023]
V  [jvm.dll+0x24ad2f]
V  [jvm.dll+0x680ac9]
V  [jvm.dll+0x67519a]
V  [jvm.dll+0x30b3cb]
V  [jvm.dll+0x312876]
V  [jvm.dll+0x36221e]
V  [jvm.dll+0x36244f]
V  [jvm.dll+0x2e14a8]
V  [jvm.dll+0x2e2414]
V  [jvm.dll+0x814391]
V  [jvm.dll+0x36ffe1]
V  [jvm.dll+0x7f396c]
V  [jvm.dll+0x3f305f]
V  [jvm.dll+0x3f4b91]
C  [jli.dll+0x528f]
C  [ucrtbase.dll+0x21bb2]
C  [KERNEL32.DLL+0x17344]
C  [ntdll.dll+0x4cc91]


---------------  P R O C E S S  ---------------

Threads class SMR info:
_java_thread_list=0x00007ff98f7ad098, length=0, elements={
}

Java Threads: ( => current thread )

Other Threads:
  0x000001db161489a0 GCTaskThread "GC Thread#0" [stack: 0x00000081c3600000,0x00000081c3700000] [id=1948]
  0x000001db161577b0 ConcurrentGCThread "G1 Main Marker" [stack: 0x00000081c3700000,0x00000081c3800000] [id=7688]
  0x000001db16158960 ConcurrentGCThread "G1 Conc#0" [stack: 0x00000081c3800000,0x00000081c3900000] [id=17348]

[error occurred during error reporting (printing all threads), id 0xc0000005, EXCEPTION_ACCESS_VIOLATION (0xc0000005) at pc=0x00007ff98ef62087]

VM state: not at safepoint (not fully initialized)

VM Mutex/Monitor currently owned by a thread:  ([mutex/lock_event])
[0x000001db160f0990] Heap_lock - owner thread: 0x000001db160f41e0

Heap address: 0x0000000091000000, size: 1776 MB, Compressed Oops mode: 32-bit

CDS archive(s) mapped at: [0x0000000000000000-0x0000000000000000-0x0000000000000000), size 0, SharedBaseAddress: 0x0000000800000000, ArchiveRelocationMode: 0.
Narrow klass base: 0x0000000000000000, Narrow klass shift: 0, Narrow klass range: 0x0

GC Precious Log:
<Empty>

Heap:
 garbage-first heap   total 0K, used 0K [0x0000000091000000, 0x0000000100000000)
  region size 1024K, 0 young (0K), 0 survivors (0K)
 Metaspace       used 0K, committed 0K, reserved 0K
  class space    used 0K, committed 0K, reserved 0K

Heap Regions: E=young(eden), S=young(survivor), O=old, HS=humongous(starts), HC=humongous(continues), CS=collection set, F=free, OA=open archive, CA=closed archive, TAMS=top-at-mark-start (previous, next)

Card table byte_map: [0x000001db28c80000,0x000001db29000000] _byte_map_base: 0x000001db287f8000

Marking Bits (Prev, Next): (CMBitMap*) 0x000001db16148fb0, (CMBitMap*) 0x000001db16148ff0
 Prev Bits: [0x000001db29380000, 0x000001db2af40000)
 Next Bits: [0x000001db2af40000, 0x000001db2cb00000)

GC Heap History (0 events):
No events

Dll operation events (1 events):
Event: 0.008 Loaded shared library C:\Program Files\Android\Android Studio\jbr\bin\java.dll

Deoptimization events (0 events):
No events

Classes unloaded (0 events):
No events

Classes redefined (0 events):
No events

Internal exceptions (0 events):
No events

VM Operations (0 events):
No events

Events (0 events):
No events


Dynamic libraries:
0x00007ff63df70000 - 0x00007ff63df7a000 	C:\Program Files\Android\Android Studio\jbr\bin\java.EXE
0x00007ff9ce1f0000 - 0x00007ff9ce3e8000 	C:\WINDOWS\SYSTEM32\ntdll.dll
0x00007ff9aa350000 - 0x00007ff9aa369000 	C:\Program Files\AVAST Software\Avast\aswhook.dll
0x00007ff9cc810000 - 0x00007ff9cc8cd000 	C:\WINDOWS\System32\KERNEL32.DLL
0x00007ff9cbc60000 - 0x00007ff9cbf56000 	C:\WINDOWS\System32\KERNELBASE.dll
0x00007ff9cc000000 - 0x00007ff9cc100000 	C:\WINDOWS\System32\ucrtbase.dll
0x00007ff9aa490000 - 0x00007ff9aa4a7000 	C:\Program Files\Android\Android Studio\jbr\bin\jli.dll
0x00007ff9c86a0000 - 0x00007ff9c86bb000 	C:\Program Files\Android\Android Studio\jbr\bin\VCRUNTIME140.dll
0x00007ff9cc550000 - 0x00007ff9cc6ef000 	C:\WINDOWS\System32\USER32.dll
0x00007ff9cc100000 - 0x00007ff9cc122000 	C:\WINDOWS\System32\win32u.dll
0x00007ff9bb7c0000 - 0x00007ff9bba5a000 	C:\WINDOWS\WinSxS\amd64_microsoft.windows.common-controls_6595b64144ccf1df_6.0.19041.4355_none_60b8b9eb71f62e16\COMCTL32.dll
0x00007ff9cc7d0000 - 0x00007ff9cc7fb000 	C:\WINDOWS\System32\GDI32.dll
0x00007ff9cc450000 - 0x00007ff9cc4ee000 	C:\WINDOWS\System32\msvcrt.dll
0x00007ff9cb9b0000 - 0x00007ff9cbac7000 	C:\WINDOWS\System32\gdi32full.dll
0x00007ff9cbf60000 - 0x00007ff9cbffd000 	C:\WINDOWS\System32\msvcp_win.dll
0x00007ff9cc6f0000 - 0x00007ff9cc71f000 	C:\WINDOWS\System32\IMM32.DLL
0x00007ff9c8690000 - 0x00007ff9c869c000 	C:\Program Files\Android\Android Studio\jbr\bin\vcruntime140_1.dll
0x00007ff9b1a10000 - 0x00007ff9b1a9d000 	C:\Program Files\Android\Android Studio\jbr\bin\msvcp140.dll
0x00007ff98ec70000 - 0x00007ff98f8f0000 	C:\Program Files\Android\Android Studio\jbr\bin\server\jvm.dll
0x00007ff9cdf00000 - 0x00007ff9cdfb0000 	C:\WINDOWS\System32\ADVAPI32.dll
0x00007ff9ccc50000 - 0x00007ff9cccf0000 	C:\WINDOWS\System32\sechost.dll
0x00007ff9ccd50000 - 0x00007ff9cce73000 	C:\WINDOWS\System32\RPCRT4.dll
0x00007ff9cbad0000 - 0x00007ff9cbaf7000 	C:\WINDOWS\System32\bcrypt.dll
0x00007ff9c4c90000 - 0x00007ff9c4c9a000 	C:\WINDOWS\SYSTEM32\VERSION.dll
0x00007ff9ba860000 - 0x00007ff9ba869000 	C:\WINDOWS\SYSTEM32\WSOCK32.dll
0x00007ff9c1100000 - 0x00007ff9c1127000 	C:\WINDOWS\SYSTEM32\WINMM.dll
0x00007ff9cde90000 - 0x00007ff9cdefb000 	C:\WINDOWS\System32\WS2_32.dll
0x00007ff9c9730000 - 0x00007ff9c9742000 	C:\WINDOWS\SYSTEM32\kernel.appcore.dll
0x00007ff9c1470000 - 0x00007ff9c147a000 	C:\Program Files\Android\Android Studio\jbr\bin\jimage.dll
0x00007ff9c49e0000 - 0x00007ff9c4bc4000 	C:\WINDOWS\SYSTEM32\DBGHELP.DLL
0x00007ff9b9c30000 - 0x00007ff9b9c64000 	C:\WINDOWS\SYSTEM32\dbgcore.DLL
0x00007ff9cc130000 - 0x00007ff9cc1b2000 	C:\WINDOWS\System32\bcryptPrimitives.dll
0x00007ff9bd090000 - 0x00007ff9bd0b5000 	C:\Program Files\Android\Android Studio\jbr\bin\java.dll

dbghelp: loaded successfully - version: 4.0.5 - missing functions: none
symbol engine: initialized successfully - sym options: 0x614 - pdb path: .;C:\Program Files\Android\Android Studio\jbr\bin;C:\WINDOWS\SYSTEM32;C:\Program Files\AVAST Software\Avast;C:\WINDOWS\WinSxS\amd64_microsoft.windows.common-controls_6595b64144ccf1df_6.0.19041.4355_none_60b8b9eb71f62e16;C:\Program Files\Android\Android Studio\jbr\bin\server

VM Arguments:
java_command: <unknown>
java_class_path (initial): <not set>
Launcher Type: SUN_STANDARD

[Global flags]
     intx CICompilerCount                          = 4                                         {product} {ergonomic}
     uint ConcGCThreads                            = 2                                         {product} {ergonomic}
     uint G1ConcRefinementThreads                  = 8                                         {product} {ergonomic}
   size_t G1HeapRegionSize                         = 1048576                                   {product} {ergonomic}
    uintx GCDrainStackTargetSize                   = 64                                        {product} {ergonomic}
   size_t InitialHeapSize                          = 117440512                                 {product} {ergonomic}
   size_t MarkStackSize                            = 4194304                                   {product} {ergonomic}
   size_t MaxHeapSize                              = 1862270976                                {product} {ergonomic}
   size_t MinHeapDeltaBytes                        = 1048576                                   {product} {ergonomic}
   size_t MinHeapSize                              = 8388608                                   {product} {ergonomic}
    uintx NonNMethodCodeHeapSize                   = 5839372                                {pd product} {ergonomic}
    uintx NonProfiledCodeHeapSize                  = 122909434                              {pd product} {ergonomic}
    uintx ProfiledCodeHeapSize                     = 122909434                              {pd product} {ergonomic}
    uintx ReservedCodeCacheSize                    = 251658240                              {pd product} {ergonomic}
     bool SegmentedCodeCache                       = true                                      {product} {ergonomic}
   size_t SoftMaxHeapSize                          = 1862270976                             {manageable} {ergonomic}
     bool UseCompressedClassPointers               = true                           {product lp64_product} {ergonomic}
     bool UseCompressedOops                        = true                           {product lp64_product} {ergonomic}
     bool UseG1GC                                  = true                                      {product} {ergonomic}
     bool UseLargePagesIndividualAllocation        = false                                  {pd product} {ergonomic}

Logging:
Log output configuration:
 #0: stdout all=warning uptime,level,tags
 #1: stderr all=off uptime,level,tags

Environment Variables:
JAVA_HOME=C:\Program Files\Java\jdk-19
PATH=C:\Program Files\Common Files\Oracle\Java\javapath;C:\Program Files (x86)\Common Files\Oracle\Java\javapath;C:\WINDOWS\system32;C:\WINDOWS;C:\WINDOWS\System32\Wbem;C:\WINDOWS\System32\WindowsPowerShell\v1.0\;C:\WINDOWS\System32\OpenSSH\;C:\Program Files\Microsoft SQL Server\Client SDK\ODBC\170\Tools\Binn\;C:\Program Files\Microsoft SQL Server\150\Tools\Binn\;C:\Program Files\dotnet\;C:\Program Files\Java\jdk-19\bin;C:\Program Files\Git\cmd;C:\Program Files\Git\bin;C:\Program Files\nodejs\;C:\Users\Wirdian\AppData\Local\Microsoft\WindowsApps;C:\Users\Wirdian\AppData\Local\Programs\Microsoft VS Code\bin;C:\Users\Wirdian\.dotnet\tools;C:\src\flutter\bin;C:\Program Files\Git\bin;C:\Program Files\Git\cmd;C:\Users\Wirdian\AppData\Roaming\npm;C:\src\flutter\bin\mingit\cmd
USERNAME=Wirdian
OS=Windows_NT
PROCESSOR_IDENTIFIER=AMD64 Family 23 Model 24 Stepping 1, AuthenticAMD
TMP=C:\Users\Wirdian\AppData\Local\Temp
TEMP=C:\Users\Wirdian\AppData\Local\Temp


JNI global refs:
JNI global refs: 0, weak refs: 0

JNI global refs memory usage: 0, weak refs: 0

OOME stack traces (most recent first):
Classloader memory used:


---------------  S Y S T E M  ---------------

OS:
 Windows 10 , 64 bit Build 19041 (10.0.19041.3636)
OS uptime: 0 days 3:29 hours

CPU: total 8 (initial active 8) (8 cores per cpu, 2 threads per core) family 23 model 24 stepping 1 microcode 0x0, cx8, cmov, fxsr, ht, mmx, 3dnowpref, sse, sse2, sse3, ssse3, sse4a, sse4.1, sse4.2, popcnt, lzcnt, tsc, tscinvbit, avx, avx2, aes, clmul, bmi1, bmi2, adx, sha, fma, vzeroupper, clflush, clflushopt

Memory: 4k page, system-wide physical 7103M (274M free)
TotalPageFile size 28607M (AvailPageFile size 65M)
current process WorkingSet (physical memory assigned to process): 10M, peak: 10M
current process commit charge ("private bytes"): 60M, peak: 172M

vm_info: OpenJDK 64-Bit Server VM (17.0.7+0-b2043.56-10550314) for windows-amd64 JRE (17.0.7+0-b2043.56-10550314), built on Jul 24 2023 18:27:45 by "androidbuild" with MS VC++ 16.10 / 16.11 (VS2019)

END.
